10:40:50.400 [main] INFO  c.kjxls.payment.App - [logStarting,55] - Starting App on MacBookPro with PID 6187 (/Users/abel.tang/data/java/payment/target/classes started by abel.tang in /Users/abel.tang/data/java/payment)
10:40:50.405 [main] INFO  c.kjxls.payment.App - [logStartupProfileInfo,651] - No active profile set, falling back to default profiles: default
10:40:51.640 [main] INFO  o.a.c.h.Http11NioProtocol - [log,173] - Initializing ProtocolHandler ["http-nio-8080"]
10:40:51.641 [main] INFO  o.a.c.c.StandardService - [log,173] - Starting service [Tomcat]
10:40:51.641 [main] INFO  o.a.c.c.StandardEngine - [log,173] - Starting Servlet engine: [Apache Tomcat/9.0.33]
10:40:51.713 [main] INFO  o.a.c.c.C.[.[.[/] - [log,173] - Initializing Spring embedded WebApplicationContext
10:40:52.125 [main] INFO  o.a.c.h.Http11NioProtocol - [log,173] - Starting ProtocolHandler ["http-nio-8080"]
10:40:52.170 [main] INFO  c.kjxls.payment.App - [logStarted,61] - Started App in 2.495 seconds (JVM running for 4.162)
10:41:17.517 [http-nio-8080-exec-1] INFO  o.a.t.u.h.p.Cookie - [log,173] - A cookie header was received [1624592004,1624599827,1624930402; Idea-bcf9f483=58014178-1f7d-43c6-96d1-c2bcd0d7bc2c; Hm_lvt_c8352d1bbf26c8cf1c3b1a445b91a2aa=1631755439; Webstorm-82d3caca=3bafd630-ab16-4ef6-be76-78916870d257; username=admin; rememberMe=true; JSESSIONID=60CE5DF5E8C2F4AB915883C793D49295; password=TwnNu1BZRs88E1dKgmLxd78MCkZyKWcAeYAis2Bf9lIh+xT1VDmMVOcHpe7hhfMmf5HAglLWw7rOexCOSSHjIA==] that contained an invalid cookie. That cookie will be ignored.
 Note: further occurrences of this error will be logged at DEBUG level.
10:41:17.528 [http-nio-8080-exec-1] INFO  o.a.c.c.C.[.[.[/] - [log,173] - Initializing Spring DispatcherServlet 'dispatcherServlet'
10:43:38.367 [main] INFO  c.kjxls.payment.App - [logStarting,55] - Starting App on MacBookPro with PID 6265 (/Users/abel.tang/data/java/payment/target/classes started by abel.tang in /Users/abel.tang/data/java/payment)
10:43:38.371 [main] INFO  c.kjxls.payment.App - [logStartupProfileInfo,651] - No active profile set, falling back to default profiles: default
10:43:39.556 [main] INFO  o.a.c.h.Http11NioProtocol - [log,173] - Initializing ProtocolHandler ["http-nio-8080"]
10:43:39.557 [main] INFO  o.a.c.c.StandardService - [log,173] - Starting service [Tomcat]
10:43:39.557 [main] INFO  o.a.c.c.StandardEngine - [log,173] - Starting Servlet engine: [Apache Tomcat/9.0.33]
10:43:39.622 [main] INFO  o.a.c.c.C.[.[.[/] - [log,173] - Initializing Spring embedded WebApplicationContext
10:43:39.995 [main] INFO  o.a.c.h.Http11NioProtocol - [log,173] - Starting ProtocolHandler ["http-nio-8080"]
10:43:40.036 [main] INFO  c.kjxls.payment.App - [logStarted,61] - Started App in 2.142 seconds (JVM running for 3.267)
10:43:55.964 [http-nio-8080-exec-1] INFO  o.a.t.u.h.p.Cookie - [log,173] - A cookie header was received [1624592004,1624599827,1624930402; Idea-bcf9f483=58014178-1f7d-43c6-96d1-c2bcd0d7bc2c; Hm_lvt_c8352d1bbf26c8cf1c3b1a445b91a2aa=1631755439; Webstorm-82d3caca=3bafd630-ab16-4ef6-be76-78916870d257; username=admin; rememberMe=true; JSESSIONID=60CE5DF5E8C2F4AB915883C793D49295; password=TwnNu1BZRs88E1dKgmLxd78MCkZyKWcAeYAis2Bf9lIh+xT1VDmMVOcHpe7hhfMmf5HAglLWw7rOexCOSSHjIA==] that contained an invalid cookie. That cookie will be ignored.
 Note: further occurrences of this error will be logged at DEBUG level.
10:43:55.971 [http-nio-8080-exec-1] INFO  o.a.c.c.C.[.[.[/] - [log,173] - Initializing Spring DispatcherServlet 'dispatcherServlet'
10:46:27.649 [main] INFO  c.kjxls.payment.App - [logStarting,55] - Starting App on MacBookPro with PID 6360 (/Users/abel.tang/data/java/payment/target/classes started by abel.tang in /Users/abel.tang/data/java/payment)
10:46:27.652 [main] INFO  c.kjxls.payment.App - [logStartupProfileInfo,651] - No active profile set, falling back to default profiles: default
10:46:28.509 [main] INFO  o.a.c.h.Http11NioProtocol - [log,173] - Initializing ProtocolHandler ["http-nio-8080"]
10:46:28.510 [main] INFO  o.a.c.c.StandardService - [log,173] - Starting service [Tomcat]
10:46:28.511 [main] INFO  o.a.c.c.StandardEngine - [log,173] - Starting Servlet engine: [Apache Tomcat/9.0.33]
10:46:28.617 [main] INFO  o.a.c.c.C.[.[.[/] - [log,173] - Initializing Spring embedded WebApplicationContext
10:46:29.231 [main] INFO  o.a.c.h.Http11NioProtocol - [log,173] - Starting ProtocolHandler ["http-nio-8080"]
10:46:29.282 [main] INFO  c.kjxls.payment.App - [logStarted,61] - Started App in 2.082 seconds (JVM running for 3.082)
10:46:38.783 [http-nio-8080-exec-1] INFO  o.a.c.c.C.[.[.[/] - [log,173] - Initializing Spring DispatcherServlet 'dispatcherServlet'
10:48:30.402 [main] INFO  c.kjxls.payment.App - [logStarting,55] - Starting App on MacBookPro with PID 6411 (/Users/abel.tang/data/java/payment/target/classes started by abel.tang in /Users/abel.tang/data/java/payment)
10:48:30.407 [main] INFO  c.kjxls.payment.App - [logStartupProfileInfo,651] - No active profile set, falling back to default profiles: default
10:48:31.210 [main] INFO  o.a.c.h.Http11NioProtocol - [log,173] - Initializing ProtocolHandler ["http-nio-8080"]
10:48:31.210 [main] INFO  o.a.c.c.StandardService - [log,173] - Starting service [Tomcat]
10:48:31.211 [main] INFO  o.a.c.c.StandardEngine - [log,173] - Starting Servlet engine: [Apache Tomcat/9.0.33]
10:48:31.272 [main] INFO  o.a.c.c.C.[.[.[/] - [log,173] - Initializing Spring embedded WebApplicationContext
10:48:31.633 [main] INFO  o.a.c.h.Http11NioProtocol - [log,173] - Starting ProtocolHandler ["http-nio-8080"]
10:48:31.667 [main] INFO  c.kjxls.payment.App - [logStarted,61] - Started App in 1.697 seconds (JVM running for 2.593)
10:48:37.074 [http-nio-8080-exec-1] INFO  o.a.c.c.C.[.[.[/] - [log,173] - Initializing Spring DispatcherServlet 'dispatcherServlet'
10:49:19.594 [main] INFO  c.kjxls.payment.App - [logStarting,55] - Starting App on MacBookPro with PID 6450 (/Users/abel.tang/data/java/payment/target/classes started by abel.tang in /Users/abel.tang/data/java/payment)
10:49:19.600 [main] INFO  c.kjxls.payment.App - [logStartupProfileInfo,651] - No active profile set, falling back to default profiles: default
10:49:20.383 [main] INFO  o.a.c.h.Http11NioProtocol - [log,173] - Initializing ProtocolHandler ["http-nio-8080"]
10:49:20.384 [main] INFO  o.a.c.c.StandardService - [log,173] - Starting service [Tomcat]
10:49:20.384 [main] INFO  o.a.c.c.StandardEngine - [log,173] - Starting Servlet engine: [Apache Tomcat/9.0.33]
10:49:20.448 [main] INFO  o.a.c.c.C.[.[.[/] - [log,173] - Initializing Spring embedded WebApplicationContext
10:49:20.748 [main] INFO  o.a.c.h.Http11NioProtocol - [log,173] - Starting ProtocolHandler ["http-nio-8080"]
10:49:20.786 [main] INFO  c.kjxls.payment.App - [logStarted,61] - Started App in 1.72 seconds (JVM running for 2.591)
10:51:27.852 [http-nio-8080-exec-1] INFO  o.a.c.c.C.[.[.[/] - [log,173] - Initializing Spring DispatcherServlet 'dispatcherServlet'
12:22:54.559 [http-nio-8080-exec-3] INFO  o.a.t.u.h.p.Cookie - [log,173] - A cookie header was received [1624592004,1624599827,1624930402; Idea-bcf9f483=58014178-1f7d-43c6-96d1-c2bcd0d7bc2c; Hm_lvt_c8352d1bbf26c8cf1c3b1a445b91a2aa=1631755439; Webstorm-82d3caca=3bafd630-ab16-4ef6-be76-78916870d257; username=admin; rememberMe=true; JSESSIONID=60CE5DF5E8C2F4AB915883C793D49295; password=TwnNu1BZRs88E1dKgmLxd78MCkZyKWcAeYAis2Bf9lIh+xT1VDmMVOcHpe7hhfMmf5HAglLWw7rOexCOSSHjIA==] that contained an invalid cookie. That cookie will be ignored.
 Note: further occurrences of this error will be logged at DEBUG level.
15:12:39.497 [main] INFO  c.kjxls.payment.App - [logStarting,55] - Starting App on MacBookPro with PID 19590 (/Users/abel.tang/data/java/payment/target/classes started by abel.tang in /Users/abel.tang/data/java/payment)
15:12:39.503 [main] INFO  c.kjxls.payment.App - [logStartupProfileInfo,651] - No active profile set, falling back to default profiles: default
15:12:41.025 [main] INFO  o.a.c.h.Http11NioProtocol - [log,173] - Initializing ProtocolHandler ["http-nio-8080"]
15:12:41.026 [main] INFO  o.a.c.c.StandardService - [log,173] - Starting service [Tomcat]
15:12:41.027 [main] INFO  o.a.c.c.StandardEngine - [log,173] - Starting Servlet engine: [Apache Tomcat/9.0.33]
15:12:41.164 [main] INFO  o.a.c.c.C.[.[.[/] - [log,173] - Initializing Spring embedded WebApplicationContext
15:12:41.245 [main] INFO  o.a.c.c.StandardService - [log,173] - Stopping service [Tomcat]
15:14:18.683 [main] INFO  c.kjxls.payment.App - [logStarting,55] - Starting App on MacBookPro with PID 19722 (/Users/abel.tang/data/java/payment/target/classes started by abel.tang in /Users/abel.tang/data/java/payment)
15:14:18.692 [main] INFO  c.kjxls.payment.App - [logStartupProfileInfo,651] - No active profile set, falling back to default profiles: default
15:14:20.406 [main] INFO  o.a.c.h.Http11NioProtocol - [log,173] - Initializing ProtocolHandler ["http-nio-8080"]
15:14:20.408 [main] INFO  o.a.c.c.StandardService - [log,173] - Starting service [Tomcat]
15:14:20.408 [main] INFO  o.a.c.c.StandardEngine - [log,173] - Starting Servlet engine: [Apache Tomcat/9.0.33]
15:14:20.511 [main] INFO  o.a.c.c.C.[.[.[/] - [log,173] - Initializing Spring embedded WebApplicationContext
15:14:21.142 [main] INFO  o.a.c.h.Http11NioProtocol - [log,173] - Starting ProtocolHandler ["http-nio-8080"]
15:14:21.210 [main] INFO  c.kjxls.payment.App - [logStarted,61] - Started App in 3.507 seconds (JVM running for 5.198)
15:14:57.298 [http-nio-8080-exec-2] INFO  o.a.c.c.C.[.[.[/] - [log,173] - Initializing Spring DispatcherServlet 'dispatcherServlet'
15:16:51.256 [main] INFO  c.kjxls.payment.App - [logStarting,55] - Starting App on MacBookPro with PID 19908 (/Users/abel.tang/data/java/payment/target/classes started by abel.tang in /Users/abel.tang/data/java/payment)
15:16:51.262 [main] INFO  c.kjxls.payment.App - [logStartupProfileInfo,651] - No active profile set, falling back to default profiles: default
15:16:52.992 [main] INFO  o.a.c.h.Http11NioProtocol - [log,173] - Initializing ProtocolHandler ["http-nio-8080"]
15:16:52.994 [main] INFO  o.a.c.c.StandardService - [log,173] - Starting service [Tomcat]
15:16:52.995 [main] INFO  o.a.c.c.StandardEngine - [log,173] - Starting Servlet engine: [Apache Tomcat/9.0.33]
15:16:53.105 [main] INFO  o.a.c.c.C.[.[.[/] - [log,173] - Initializing Spring embedded WebApplicationContext
15:16:53.678 [main] INFO  o.a.c.h.Http11NioProtocol - [log,173] - Starting ProtocolHandler ["http-nio-8080"]
15:16:53.740 [main] INFO  c.kjxls.payment.App - [logStarted,61] - Started App in 3.25 seconds (JVM running for 4.858)
15:17:05.251 [http-nio-8080-exec-2] INFO  o.a.c.c.C.[.[.[/] - [log,173] - Initializing Spring DispatcherServlet 'dispatcherServlet'
15:17:34.187 [main] INFO  c.kjxls.payment.App - [logStarting,55] - Starting App on MacBookPro with PID 19971 (/Users/abel.tang/data/java/payment/target/classes started by abel.tang in /Users/abel.tang/data/java/payment)
15:17:34.194 [main] INFO  c.kjxls.payment.App - [logStartupProfileInfo,651] - No active profile set, falling back to default profiles: default
15:17:36.072 [main] INFO  o.a.c.h.Http11NioProtocol - [log,173] - Initializing ProtocolHandler ["http-nio-8080"]
15:17:36.073 [main] INFO  o.a.c.c.StandardService - [log,173] - Starting service [Tomcat]
15:17:36.074 [main] INFO  o.a.c.c.StandardEngine - [log,173] - Starting Servlet engine: [Apache Tomcat/9.0.33]
15:17:36.204 [main] INFO  o.a.c.c.C.[.[.[/] - [log,173] - Initializing Spring embedded WebApplicationContext
15:17:36.799 [main] INFO  o.a.c.h.Http11NioProtocol - [log,173] - Starting ProtocolHandler ["http-nio-8080"]
15:17:36.860 [main] INFO  c.kjxls.payment.App - [logStarted,61] - Started App in 3.686 seconds (JVM running for 5.451)
16:10:28.795 [http-nio-8080-exec-1] INFO  o.a.c.c.C.[.[.[/] - [log,173] - Initializing Spring DispatcherServlet 'dispatcherServlet'
16:11:29.898 [main] INFO  c.kjxls.payment.App - [logStarting,55] - Starting App on MacBookPro with PID 25302 (/Users/abel.tang/data/java/payment/target/classes started by abel.tang in /Users/abel.tang/data/java/payment)
16:11:29.909 [main] INFO  c.kjxls.payment.App - [logStartupProfileInfo,651] - No active profile set, falling back to default profiles: default
16:11:30.885 [main] INFO  o.a.c.h.Http11NioProtocol - [log,173] - Initializing ProtocolHandler ["http-nio-8080"]
16:11:30.886 [main] INFO  o.a.c.c.StandardService - [log,173] - Starting service [Tomcat]
16:11:30.886 [main] INFO  o.a.c.c.StandardEngine - [log,173] - Starting Servlet engine: [Apache Tomcat/9.0.33]
16:11:30.952 [main] INFO  o.a.c.c.C.[.[.[/] - [log,173] - Initializing Spring embedded WebApplicationContext
16:11:31.347 [main] INFO  o.a.c.h.Http11NioProtocol - [log,173] - Starting ProtocolHandler ["http-nio-8080"]
16:11:31.384 [main] INFO  c.kjxls.payment.App - [logStarted,61] - Started App in 2.023 seconds (JVM running for 2.932)
16:12:01.713 [http-nio-8080-exec-1] INFO  o.a.c.c.C.[.[.[/] - [log,173] - Initializing Spring DispatcherServlet 'dispatcherServlet'
16:13:05.574 [main] INFO  c.kjxls.payment.App - [logStarting,55] - Starting App on MacBookPro with PID 25480 (/Users/abel.tang/data/java/payment/target/classes started by abel.tang in /Users/abel.tang/data/java/payment)
16:13:05.579 [main] INFO  c.kjxls.payment.App - [logStartupProfileInfo,651] - No active profile set, falling back to default profiles: default
16:13:06.412 [main] INFO  o.a.c.h.Http11NioProtocol - [log,173] - Initializing ProtocolHandler ["http-nio-8080"]
16:13:06.413 [main] INFO  o.a.c.c.StandardService - [log,173] - Starting service [Tomcat]
16:13:06.413 [main] INFO  o.a.c.c.StandardEngine - [log,173] - Starting Servlet engine: [Apache Tomcat/9.0.33]
16:13:06.494 [main] INFO  o.a.c.c.C.[.[.[/] - [log,173] - Initializing Spring embedded WebApplicationContext
16:13:06.879 [main] INFO  o.a.c.h.Http11NioProtocol - [log,173] - Starting ProtocolHandler ["http-nio-8080"]
16:13:06.924 [main] INFO  c.kjxls.payment.App - [logStarted,61] - Started App in 1.803 seconds (JVM running for 2.64)
16:13:26.606 [http-nio-8080-exec-2] INFO  o.a.c.c.C.[.[.[/] - [log,173] - Initializing Spring DispatcherServlet 'dispatcherServlet'
16:18:23.348 [main] INFO  c.kjxls.payment.App - [logStarting,55] - Starting App on MacBookPro with PID 25916 (/Users/abel.tang/data/java/payment/target/classes started by abel.tang in /Users/abel.tang/data/java/payment)
16:18:23.355 [main] INFO  c.kjxls.payment.App - [logStartupProfileInfo,651] - No active profile set, falling back to default profiles: default
16:18:24.885 [main] INFO  o.a.c.h.Http11NioProtocol - [log,173] - Initializing ProtocolHandler ["http-nio-8080"]
16:18:24.886 [main] INFO  o.a.c.c.StandardService - [log,173] - Starting service [Tomcat]
16:18:24.887 [main] INFO  o.a.c.c.StandardEngine - [log,173] - Starting Servlet engine: [Apache Tomcat/9.0.33]
16:18:24.990 [main] INFO  o.a.c.c.C.[.[.[/] - [log,173] - Initializing Spring embedded WebApplicationContext
16:18:25.404 [main] INFO  o.a.c.h.Http11NioProtocol - [log,173] - Starting ProtocolHandler ["http-nio-8080"]
16:18:25.451 [main] INFO  c.kjxls.payment.App - [logStarted,61] - Started App in 2.656 seconds (JVM running for 3.76)
16:18:41.325 [http-nio-8080-exec-1] INFO  o.a.c.c.C.[.[.[/] - [log,173] - Initializing Spring DispatcherServlet 'dispatcherServlet'
16:20:17.973 [main] INFO  c.kjxls.payment.App - [logStarting,55] - Starting App on MacBookPro with PID 26138 (/Users/abel.tang/data/java/payment/target/classes started by abel.tang in /Users/abel.tang/data/java/payment)
16:20:17.978 [main] INFO  c.kjxls.payment.App - [logStartupProfileInfo,651] - No active profile set, falling back to default profiles: default
16:20:18.912 [main] INFO  o.a.c.h.Http11NioProtocol - [log,173] - Initializing ProtocolHandler ["http-nio-8080"]
16:20:18.913 [main] INFO  o.a.c.c.StandardService - [log,173] - Starting service [Tomcat]
16:20:18.913 [main] INFO  o.a.c.c.StandardEngine - [log,173] - Starting Servlet engine: [Apache Tomcat/9.0.33]
16:20:18.982 [main] INFO  o.a.c.c.C.[.[.[/] - [log,173] - Initializing Spring embedded WebApplicationContext
16:20:19.355 [main] INFO  o.a.c.h.Http11NioProtocol - [log,173] - Starting ProtocolHandler ["http-nio-8080"]
16:20:19.391 [main] INFO  c.kjxls.payment.App - [logStarted,61] - Started App in 1.901 seconds (JVM running for 2.854)
16:22:56.416 [main] INFO  c.kjxls.payment.App - [logStarting,55] - Starting App on MacBookPro with PID 26403 (/Users/abel.tang/data/java/payment/target/classes started by abel.tang in /Users/abel.tang/data/java/payment)
16:22:56.419 [main] INFO  c.kjxls.payment.App - [logStartupProfileInfo,651] - No active profile set, falling back to default profiles: default
16:22:57.232 [main] INFO  o.a.c.h.Http11NioProtocol - [log,173] - Initializing ProtocolHandler ["http-nio-8080"]
16:22:57.233 [main] INFO  o.a.c.c.StandardService - [log,173] - Starting service [Tomcat]
16:22:57.233 [main] INFO  o.a.c.c.StandardEngine - [log,173] - Starting Servlet engine: [Apache Tomcat/9.0.33]
16:22:57.300 [main] INFO  o.a.c.c.C.[.[.[/] - [log,173] - Initializing Spring embedded WebApplicationContext
16:22:57.715 [main] INFO  o.a.c.h.Http11NioProtocol - [log,173] - Starting ProtocolHandler ["http-nio-8080"]
16:22:57.763 [main] INFO  c.kjxls.payment.App - [logStarted,61] - Started App in 1.793 seconds (JVM running for 2.696)
16:23:15.167 [http-nio-8080-exec-1] INFO  o.a.c.c.C.[.[.[/] - [log,173] - Initializing Spring DispatcherServlet 'dispatcherServlet'
16:23:42.356 [main] INFO  c.kjxls.payment.App - [logStarting,55] - Starting App on MacBookPro with PID 26470 (/Users/abel.tang/data/java/payment/target/classes started by abel.tang in /Users/abel.tang/data/java/payment)
16:23:42.360 [main] INFO  c.kjxls.payment.App - [logStartupProfileInfo,651] - No active profile set, falling back to default profiles: default
16:23:43.668 [main] INFO  o.a.c.h.Http11NioProtocol - [log,173] - Initializing ProtocolHandler ["http-nio-8080"]
16:23:43.669 [main] INFO  o.a.c.c.StandardService - [log,173] - Starting service [Tomcat]
16:23:43.670 [main] INFO  o.a.c.c.StandardEngine - [log,173] - Starting Servlet engine: [Apache Tomcat/9.0.33]
16:23:43.764 [main] INFO  o.a.c.c.C.[.[.[/] - [log,173] - Initializing Spring embedded WebApplicationContext
16:23:44.162 [main] INFO  o.a.c.h.Http11NioProtocol - [log,173] - Starting ProtocolHandler ["http-nio-8080"]
16:23:44.207 [main] INFO  c.kjxls.payment.App - [logStarted,61] - Started App in 2.322 seconds (JVM running for 3.31)
16:23:49.000 [http-nio-8080-exec-1] INFO  o.a.c.c.C.[.[.[/] - [log,173] - Initializing Spring DispatcherServlet 'dispatcherServlet'
16:25:14.213 [main] INFO  c.kjxls.payment.App - [logStarting,55] - Starting App on MacBookPro with PID 26582 (/Users/abel.tang/data/java/payment/target/classes started by abel.tang in /Users/abel.tang/data/java/payment)
16:25:14.228 [main] INFO  c.kjxls.payment.App - [logStartupProfileInfo,651] - No active profile set, falling back to default profiles: default
16:25:17.096 [main] INFO  o.a.c.h.Http11NioProtocol - [log,173] - Initializing ProtocolHandler ["http-nio-8080"]
16:25:17.098 [main] INFO  o.a.c.c.StandardService - [log,173] - Starting service [Tomcat]
16:25:17.099 [main] INFO  o.a.c.c.StandardEngine - [log,173] - Starting Servlet engine: [Apache Tomcat/9.0.33]
16:25:17.544 [main] INFO  o.a.c.c.C.[.[.[/] - [log,173] - Initializing Spring embedded WebApplicationContext
16:25:20.355 [main] INFO  o.a.c.h.Http11NioProtocol - [log,173] - Starting ProtocolHandler ["http-nio-8080"]
16:25:20.459 [main] INFO  c.kjxls.payment.App - [logStarted,61] - Started App in 6.716 seconds (JVM running for 7.653)
16:27:22.166 [main] INFO  c.kjxls.payment.App - [logStarting,55] - Starting App on MacBookPro with PID 26814 (/Users/abel.tang/data/java/payment/target/classes started by abel.tang in /Users/abel.tang/data/java/payment)
16:27:22.171 [main] INFO  c.kjxls.payment.App - [logStartupProfileInfo,651] - No active profile set, falling back to default profiles: default
16:27:25.995 [main] INFO  o.a.c.h.Http11NioProtocol - [log,173] - Initializing ProtocolHandler ["http-nio-8080"]
16:27:25.997 [main] INFO  o.a.c.c.StandardService - [log,173] - Starting service [Tomcat]
16:27:25.998 [main] INFO  o.a.c.c.StandardEngine - [log,173] - Starting Servlet engine: [Apache Tomcat/9.0.33]
16:27:26.455 [main] INFO  o.a.c.c.C.[.[.[/] - [log,173] - Initializing Spring embedded WebApplicationContext
16:27:29.193 [main] INFO  o.a.c.h.Http11NioProtocol - [log,173] - Starting ProtocolHandler ["http-nio-8080"]
16:27:29.290 [main] INFO  c.kjxls.payment.App - [logStarted,61] - Started App in 7.592 seconds (JVM running for 8.755)
16:30:19.582 [main] INFO  c.kjxls.payment.App - [logStarting,55] - Starting App on MacBookPro with PID 27066 (/Users/abel.tang/data/java/payment/target/classes started by abel.tang in /Users/abel.tang/data/java/payment)
16:30:19.593 [main] INFO  c.kjxls.payment.App - [logStartupProfileInfo,651] - No active profile set, falling back to default profiles: default
16:30:22.213 [main] INFO  o.a.c.h.Http11NioProtocol - [log,173] - Initializing ProtocolHandler ["http-nio-8080"]
16:30:22.215 [main] INFO  o.a.c.c.StandardService - [log,173] - Starting service [Tomcat]
16:30:22.216 [main] INFO  o.a.c.c.StandardEngine - [log,173] - Starting Servlet engine: [Apache Tomcat/9.0.33]
16:30:22.659 [main] INFO  o.a.c.c.C.[.[.[/] - [log,173] - Initializing Spring embedded WebApplicationContext
16:30:25.333 [main] INFO  o.a.c.h.Http11NioProtocol - [log,173] - Starting ProtocolHandler ["http-nio-8080"]
16:30:25.425 [main] INFO  c.kjxls.payment.App - [logStarted,61] - Started App in 6.489 seconds (JVM running for 7.522)
16:30:39.237 [http-nio-8080-exec-1] INFO  o.a.c.c.C.[.[.[/] - [log,173] - Initializing Spring DispatcherServlet 'dispatcherServlet'
16:31:53.883 [main] INFO  c.kjxls.payment.App - [logStarting,55] - Starting App on MacBookPro with PID 27898 (/Users/abel.tang/data/java/payment/target/classes started by abel.tang in /Users/abel.tang/data/java/payment)
16:31:53.887 [main] INFO  c.kjxls.payment.App - [logStartupProfileInfo,651] - No active profile set, falling back to default profiles: default
16:31:56.872 [main] INFO  o.a.c.h.Http11NioProtocol - [log,173] - Initializing ProtocolHandler ["http-nio-8080"]
16:31:56.873 [main] INFO  o.a.c.c.StandardService - [log,173] - Starting service [Tomcat]
16:31:56.874 [main] INFO  o.a.c.c.StandardEngine - [log,173] - Starting Servlet engine: [Apache Tomcat/9.0.33]
16:31:57.360 [main] INFO  o.a.c.c.C.[.[.[/] - [log,173] - Initializing Spring embedded WebApplicationContext
16:32:00.690 [main] INFO  o.a.c.h.Http11NioProtocol - [log,173] - Starting ProtocolHandler ["http-nio-8080"]
16:32:00.823 [main] INFO  c.kjxls.payment.App - [logStarted,61] - Started App in 7.414 seconds (JVM running for 8.231)
16:32:07.109 [http-nio-8080-exec-1] INFO  o.a.c.c.C.[.[.[/] - [log,173] - Initializing Spring DispatcherServlet 'dispatcherServlet'
16:33:02.846 [main] INFO  c.kjxls.payment.App - [logStarting,55] - Starting App on MacBookPro with PID 28008 (/Users/abel.tang/data/java/payment/target/classes started by abel.tang in /Users/abel.tang/data/java/payment)
16:33:02.849 [main] INFO  c.kjxls.payment.App - [logStartupProfileInfo,651] - No active profile set, falling back to default profiles: default
16:33:05.568 [main] INFO  o.a.c.h.Http11NioProtocol - [log,173] - Initializing ProtocolHandler ["http-nio-8080"]
16:33:05.570 [main] INFO  o.a.c.c.StandardService - [log,173] - Starting service [Tomcat]
16:33:05.571 [main] INFO  o.a.c.c.StandardEngine - [log,173] - Starting Servlet engine: [Apache Tomcat/9.0.33]
16:33:06.021 [main] INFO  o.a.c.c.C.[.[.[/] - [log,173] - Initializing Spring embedded WebApplicationContext
16:33:09.141 [main] INFO  o.a.c.h.Http11NioProtocol - [log,173] - Starting ProtocolHandler ["http-nio-8080"]
16:33:09.250 [main] INFO  c.kjxls.payment.App - [logStarted,61] - Started App in 6.917 seconds (JVM running for 7.794)
16:33:15.541 [http-nio-8080-exec-1] INFO  o.a.c.c.C.[.[.[/] - [log,173] - Initializing Spring DispatcherServlet 'dispatcherServlet'
16:34:03.001 [main] INFO  c.kjxls.payment.App - [logStarting,55] - Starting App on MacBookPro with PID 28084 (/Users/abel.tang/data/java/payment/target/classes started by abel.tang in /Users/abel.tang/data/java/payment)
16:34:03.005 [main] INFO  c.kjxls.payment.App - [logStartupProfileInfo,651] - No active profile set, falling back to default profiles: default
16:34:05.809 [main] INFO  o.a.c.h.Http11NioProtocol - [log,173] - Initializing ProtocolHandler ["http-nio-8080"]
16:34:05.811 [main] INFO  o.a.c.c.StandardService - [log,173] - Starting service [Tomcat]
16:34:05.811 [main] INFO  o.a.c.c.StandardEngine - [log,173] - Starting Servlet engine: [Apache Tomcat/9.0.33]
16:34:06.306 [main] INFO  o.a.c.c.C.[.[.[/] - [log,173] - Initializing Spring embedded WebApplicationContext
16:34:09.720 [main] INFO  o.a.c.h.Http11NioProtocol - [log,173] - Starting ProtocolHandler ["http-nio-8080"]
16:34:09.814 [main] INFO  c.kjxls.payment.App - [logStarted,61] - Started App in 7.304 seconds (JVM running for 8.195)
16:34:27.509 [http-nio-8080-exec-2] INFO  o.a.c.c.C.[.[.[/] - [log,173] - Initializing Spring DispatcherServlet 'dispatcherServlet'
16:39:51.274 [main] INFO  c.kjxls.payment.App - [logStarting,55] - Starting App on MacBookPro with PID 28525 (/Users/abel.tang/data/java/payment/target/classes started by abel.tang in /Users/abel.tang/data/java/payment)
16:39:51.278 [main] INFO  c.kjxls.payment.App - [logStartupProfileInfo,651] - No active profile set, falling back to default profiles: default
16:39:54.067 [main] INFO  o.a.c.h.Http11NioProtocol - [log,173] - Initializing ProtocolHandler ["http-nio-8080"]
16:39:54.069 [main] INFO  o.a.c.c.StandardService - [log,173] - Starting service [Tomcat]
16:39:54.070 [main] INFO  o.a.c.c.StandardEngine - [log,173] - Starting Servlet engine: [Apache Tomcat/9.0.33]
16:39:54.549 [main] INFO  o.a.c.c.C.[.[.[/] - [log,173] - Initializing Spring embedded WebApplicationContext
16:39:57.523 [main] INFO  o.a.c.h.Http11NioProtocol - [log,173] - Starting ProtocolHandler ["http-nio-8080"]
16:39:57.626 [main] INFO  c.kjxls.payment.App - [logStarted,61] - Started App in 6.921 seconds (JVM running for 7.91)
16:40:26.166 [http-nio-8080-exec-1] INFO  o.a.c.c.C.[.[.[/] - [log,173] - Initializing Spring DispatcherServlet 'dispatcherServlet'
16:41:13.936 [main] INFO  c.kjxls.payment.App - [logStarting,55] - Starting App on MacBookPro with PID 28628 (/Users/abel.tang/data/java/payment/target/classes started by abel.tang in /Users/abel.tang/data/java/payment)
16:41:13.943 [main] INFO  c.kjxls.payment.App - [logStartupProfileInfo,651] - No active profile set, falling back to default profiles: default
16:41:17.206 [main] INFO  o.a.c.h.Http11NioProtocol - [log,173] - Initializing ProtocolHandler ["http-nio-8080"]
16:41:17.207 [main] INFO  o.a.c.c.StandardService - [log,173] - Starting service [Tomcat]
16:41:17.208 [main] INFO  o.a.c.c.StandardEngine - [log,173] - Starting Servlet engine: [Apache Tomcat/9.0.33]
16:41:17.666 [main] INFO  o.a.c.c.C.[.[.[/] - [log,173] - Initializing Spring embedded WebApplicationContext
16:41:20.649 [main] INFO  o.a.c.h.Http11NioProtocol - [log,173] - Starting ProtocolHandler ["http-nio-8080"]
16:41:20.777 [main] INFO  c.kjxls.payment.App - [logStarted,61] - Started App in 7.612 seconds (JVM running for 8.743)
16:41:34.617 [http-nio-8080-exec-2] INFO  o.a.c.c.C.[.[.[/] - [log,173] - Initializing Spring DispatcherServlet 'dispatcherServlet'
16:42:15.468 [main] INFO  c.kjxls.payment.App - [logStarting,55] - Starting App on MacBookPro with PID 28709 (/Users/abel.tang/data/java/payment/target/classes started by abel.tang in /Users/abel.tang/data/java/payment)
16:42:15.472 [main] INFO  c.kjxls.payment.App - [logStartupProfileInfo,651] - No active profile set, falling back to default profiles: default
16:42:18.219 [main] INFO  o.a.c.h.Http11NioProtocol - [log,173] - Initializing ProtocolHandler ["http-nio-8080"]
16:42:18.221 [main] INFO  o.a.c.c.StandardService - [log,173] - Starting service [Tomcat]
16:42:18.222 [main] INFO  o.a.c.c.StandardEngine - [log,173] - Starting Servlet engine: [Apache Tomcat/9.0.33]
16:42:18.687 [main] INFO  o.a.c.c.C.[.[.[/] - [log,173] - Initializing Spring embedded WebApplicationContext
16:42:21.466 [main] INFO  o.a.c.h.Http11NioProtocol - [log,173] - Starting ProtocolHandler ["http-nio-8080"]
16:42:21.563 [main] INFO  c.kjxls.payment.App - [logStarted,61] - Started App in 6.61 seconds (JVM running for 7.61)
16:42:33.372 [http-nio-8080-exec-1] INFO  o.a.c.c.C.[.[.[/] - [log,173] - Initializing Spring DispatcherServlet 'dispatcherServlet'
16:44:13.893 [main] INFO  c.kjxls.payment.App - [logStarting,55] - Starting App on MacBookPro with PID 28881 (/Users/abel.tang/data/java/payment/target/classes started by abel.tang in /Users/abel.tang/data/java/payment)
16:44:13.898 [main] INFO  c.kjxls.payment.App - [logStartupProfileInfo,651] - No active profile set, falling back to default profiles: default
16:44:16.673 [main] INFO  o.a.c.h.Http11NioProtocol - [log,173] - Initializing ProtocolHandler ["http-nio-8080"]
16:44:16.675 [main] INFO  o.a.c.c.StandardService - [log,173] - Starting service [Tomcat]
16:44:16.676 [main] INFO  o.a.c.c.StandardEngine - [log,173] - Starting Servlet engine: [Apache Tomcat/9.0.33]
16:44:17.124 [main] INFO  o.a.c.c.C.[.[.[/] - [log,173] - Initializing Spring embedded WebApplicationContext
16:44:19.962 [main] INFO  o.a.c.h.Http11NioProtocol - [log,173] - Starting ProtocolHandler ["http-nio-8080"]
16:44:20.066 [main] INFO  c.kjxls.payment.App - [logStarted,61] - Started App in 6.663 seconds (JVM running for 7.554)
16:44:42.144 [http-nio-8080-exec-1] INFO  o.a.c.c.C.[.[.[/] - [log,173] - Initializing Spring DispatcherServlet 'dispatcherServlet'
17:11:01.020 [main] INFO  c.kjxls.payment.App - [logStarting,55] - Starting App on MacBookPro with PID 30927 (/Users/abel.tang/data/java/payment/target/classes started by abel.tang in /Users/abel.tang/data/java/payment)
17:11:01.024 [main] INFO  c.kjxls.payment.App - [logStartupProfileInfo,651] - No active profile set, falling back to default profiles: default
17:11:03.560 [main] INFO  o.a.c.h.Http11NioProtocol - [log,173] - Initializing ProtocolHandler ["http-nio-8080"]
17:11:03.562 [main] INFO  o.a.c.c.StandardService - [log,173] - Starting service [Tomcat]
17:11:03.563 [main] INFO  o.a.c.c.StandardEngine - [log,173] - Starting Servlet engine: [Apache Tomcat/9.0.33]
17:11:04.016 [main] INFO  o.a.c.c.C.[.[.[/] - [log,173] - Initializing Spring embedded WebApplicationContext
17:11:06.891 [main] INFO  o.a.c.h.Http11NioProtocol - [log,173] - Starting ProtocolHandler ["http-nio-8080"]
17:11:07.009 [main] INFO  c.kjxls.payment.App - [logStarted,61] - Started App in 6.472 seconds (JVM running for 7.327)
17:11:24.945 [http-nio-8080-exec-2] INFO  o.a.c.c.C.[.[.[/] - [log,173] - Initializing Spring DispatcherServlet 'dispatcherServlet'
17:38:41.743 [http-nio-8080-exec-4] INFO  o.a.t.u.h.p.Cookie - [log,173] - A cookie header was received [1624592004,1624599827,1624930402; Idea-bcf9f483=58014178-1f7d-43c6-96d1-c2bcd0d7bc2c; Hm_lvt_c8352d1bbf26c8cf1c3b1a445b91a2aa=1631755439; Webstorm-82d3caca=3bafd630-ab16-4ef6-be76-78916870d257; username=admin; rememberMe=true; JSESSIONID=60CE5DF5E8C2F4AB915883C793D49295; password=TwnNu1BZRs88E1dKgmLxd78MCkZyKWcAeYAis2Bf9lIh+xT1VDmMVOcHpe7hhfMmf5HAglLWw7rOexCOSSHjIA==] that contained an invalid cookie. That cookie will be ignored.
 Note: further occurrences of this error will be logged at DEBUG level.
21:25:14.553 [main] INFO  c.kjxls.payment.App - [logStarting,55] - Starting App on tang with PID 13960 (E:\data\java\payment\target\classes started by Administrator in E:\data\java\payment)
21:25:14.557 [main] INFO  c.kjxls.payment.App - [logStartupProfileInfo,651] - No active profile set, falling back to default profiles: default
21:25:15.678 [main] INFO  o.a.c.h.Http11NioProtocol - [log,173] - Initializing ProtocolHandler ["http-nio-8080"]
21:25:15.679 [main] INFO  o.a.c.c.StandardService - [log,173] - Starting service [Tomcat]
21:25:15.679 [main] INFO  o.a.c.c.StandardEngine - [log,173] - Starting Servlet engine: [Apache Tomcat/9.0.33]
21:25:15.853 [main] INFO  o.a.c.c.C.[.[.[/] - [log,173] - Initializing Spring embedded WebApplicationContext
21:25:16.236 [main] INFO  o.a.c.h.Http11NioProtocol - [log,173] - Starting ProtocolHandler ["http-nio-8080"]
21:25:16.266 [main] INFO  c.kjxls.payment.App - [logStarted,61] - Started App in 2.221 seconds (JVM running for 6.409)
21:25:33.082 [http-nio-8080-exec-1] INFO  o.a.c.c.C.[.[.[/] - [log,173] - Initializing Spring DispatcherServlet 'dispatcherServlet'
22:24:26.016 [main] INFO  c.kjxls.payment.App - [logStarting,55] - Starting App on tang with PID 9440 (E:\data\java\payment\target\classes started by Administrator in E:\data\java\payment)
22:24:26.019 [main] INFO  c.kjxls.payment.App - [logStartupProfileInfo,651] - No active profile set, falling back to default profiles: default
22:24:27.254 [main] INFO  o.a.c.h.Http11NioProtocol - [log,173] - Initializing ProtocolHandler ["http-nio-8080"]
22:24:27.255 [main] INFO  o.a.c.c.StandardService - [log,173] - Starting service [Tomcat]
22:24:27.256 [main] INFO  o.a.c.c.StandardEngine - [log,173] - Starting Servlet engine: [Apache Tomcat/9.0.33]
22:24:27.421 [main] INFO  o.a.c.c.C.[.[.[/] - [log,173] - Initializing Spring embedded WebApplicationContext
22:24:27.799 [main] INFO  o.a.c.h.Http11NioProtocol - [log,173] - Starting ProtocolHandler ["http-nio-8080"]
22:24:27.830 [main] INFO  c.kjxls.payment.App - [logStarted,61] - Started App in 2.326 seconds (JVM running for 6.419)
22:24:56.765 [http-nio-8080-exec-1] INFO  o.a.c.c.C.[.[.[/] - [log,173] - Initializing Spring DispatcherServlet 'dispatcherServlet'
22:30:18.145 [main] INFO  c.kjxls.payment.App - [logStarting,55] - Starting App on tang with PID 23880 (E:\data\java\payment\target\classes started by Administrator in E:\data\java\payment)
22:30:18.149 [main] INFO  c.kjxls.payment.App - [logStartupProfileInfo,651] - No active profile set, falling back to default profiles: default
22:30:19.377 [main] INFO  o.a.c.h.Http11NioProtocol - [log,173] - Initializing ProtocolHandler ["http-nio-8080"]
22:30:19.377 [main] INFO  o.a.c.c.StandardService - [log,173] - Starting service [Tomcat]
22:30:19.378 [main] INFO  o.a.c.c.StandardEngine - [log,173] - Starting Servlet engine: [Apache Tomcat/9.0.33]
22:30:19.508 [main] INFO  o.a.c.c.C.[.[.[/] - [log,173] - Initializing Spring embedded WebApplicationContext
22:30:19.878 [main] INFO  o.a.c.h.Http11NioProtocol - [log,173] - Starting ProtocolHandler ["http-nio-8080"]
22:30:19.906 [main] INFO  c.kjxls.payment.App - [logStarted,61] - Started App in 2.342 seconds (JVM running for 6.005)
22:32:45.387 [http-nio-8080-exec-1] INFO  o.a.c.c.C.[.[.[/] - [log,173] - Initializing Spring DispatcherServlet 'dispatcherServlet'
22:33:17.972 [main] INFO  c.kjxls.payment.App - [logStarting,55] - Starting App on tang with PID 10968 (E:\data\java\payment\target\classes started by Administrator in E:\data\java\payment)
22:33:17.978 [main] INFO  c.kjxls.payment.App - [logStartupProfileInfo,651] - No active profile set, falling back to default profiles: default
22:33:19.161 [main] INFO  o.a.c.h.Http11NioProtocol - [log,173] - Initializing ProtocolHandler ["http-nio-8080"]
22:33:19.163 [main] INFO  o.a.c.c.StandardService - [log,173] - Starting service [Tomcat]
22:33:19.163 [main] INFO  o.a.c.c.StandardEngine - [log,173] - Starting Servlet engine: [Apache Tomcat/9.0.33]
22:33:19.346 [main] INFO  o.a.c.c.C.[.[.[/] - [log,173] - Initializing Spring embedded WebApplicationContext
22:33:19.773 [main] INFO  o.a.c.h.Http11NioProtocol - [log,173] - Starting ProtocolHandler ["http-nio-8080"]
22:33:19.811 [main] INFO  c.kjxls.payment.App - [logStarted,61] - Started App in 2.34 seconds (JVM running for 5.558)
22:33:33.792 [http-nio-8080-exec-1] INFO  o.a.c.c.C.[.[.[/] - [log,173] - Initializing Spring DispatcherServlet 'dispatcherServlet'
22:33:58.084 [main] INFO  c.kjxls.payment.App - [logStarting,55] - Starting App on tang with PID 25952 (E:\data\java\payment\target\classes started by Administrator in E:\data\java\payment)
22:33:58.089 [main] INFO  c.kjxls.payment.App - [logStartupProfileInfo,651] - No active profile set, falling back to default profiles: default
22:33:59.390 [main] INFO  o.a.c.h.Http11NioProtocol - [log,173] - Initializing ProtocolHandler ["http-nio-8080"]
22:33:59.390 [main] INFO  o.a.c.c.StandardService - [log,173] - Starting service [Tomcat]
22:33:59.391 [main] INFO  o.a.c.c.StandardEngine - [log,173] - Starting Servlet engine: [Apache Tomcat/9.0.33]
22:33:59.598 [main] INFO  o.a.c.c.C.[.[.[/] - [log,173] - Initializing Spring embedded WebApplicationContext
22:34:00.139 [main] INFO  o.a.c.h.Http11NioProtocol - [log,173] - Starting ProtocolHandler ["http-nio-8080"]
22:34:00.178 [main] INFO  c.kjxls.payment.App - [logStarted,61] - Started App in 2.629 seconds (JVM running for 6.568)
22:34:00.417 [http-nio-8080-exec-1] INFO  o.a.c.c.C.[.[.[/] - [log,173] - Initializing Spring DispatcherServlet 'dispatcherServlet'
22:48:17.225 [main] INFO  c.kjxls.payment.App - [logStarting,55] - Starting App on tang with PID 11604 (E:\data\java\payment\target\classes started by Administrator in E:\data\java\payment)
22:48:17.231 [main] INFO  c.kjxls.payment.App - [logStartupProfileInfo,651] - No active profile set, falling back to default profiles: default
22:48:18.564 [main] INFO  o.a.c.h.Http11NioProtocol - [log,173] - Initializing ProtocolHandler ["http-nio-8080"]
22:48:18.564 [main] INFO  o.a.c.c.StandardService - [log,173] - Starting service [Tomcat]
22:48:18.565 [main] INFO  o.a.c.c.StandardEngine - [log,173] - Starting Servlet engine: [Apache Tomcat/9.0.33]
22:48:18.712 [main] INFO  o.a.c.c.C.[.[.[/] - [log,173] - Initializing Spring embedded WebApplicationContext
22:48:19.166 [main] INFO  o.a.c.h.Http11NioProtocol - [log,173] - Starting ProtocolHandler ["http-nio-8080"]
22:48:19.194 [main] INFO  c.kjxls.payment.App - [logStarted,61] - Started App in 2.803 seconds (JVM running for 6.54)
22:48:19.443 [http-nio-8080-exec-1] INFO  o.a.c.c.C.[.[.[/] - [log,173] - Initializing Spring DispatcherServlet 'dispatcherServlet'
22:52:38.375 [main] INFO  c.kjxls.payment.App - [logStarting,55] - Starting App on tang with PID 20160 (E:\data\java\payment\target\classes started by Administrator in E:\data\java\payment)
22:52:38.381 [main] INFO  c.kjxls.payment.App - [logStartupProfileInfo,651] - No active profile set, falling back to default profiles: default
22:52:39.520 [main] INFO  o.a.c.h.Http11NioProtocol - [log,173] - Initializing ProtocolHandler ["http-nio-8080"]
22:52:39.522 [main] INFO  o.a.c.c.StandardService - [log,173] - Starting service [Tomcat]
22:52:39.522 [main] INFO  o.a.c.c.StandardEngine - [log,173] - Starting Servlet engine: [Apache Tomcat/9.0.33]
22:52:39.650 [main] INFO  o.a.c.c.C.[.[.[/] - [log,173] - Initializing Spring embedded WebApplicationContext
22:52:40.019 [main] INFO  o.a.c.h.Http11NioProtocol - [log,173] - Starting ProtocolHandler ["http-nio-8080"]
22:52:40.047 [main] INFO  c.kjxls.payment.App - [logStarted,61] - Started App in 2.29 seconds (JVM running for 5.654)
22:52:44.220 [http-nio-8080-exec-1] INFO  o.a.c.c.C.[.[.[/] - [log,173] - Initializing Spring DispatcherServlet 'dispatcherServlet'
22:53:49.921 [main] INFO  c.kjxls.payment.App - [logStarting,55] - Starting App on tang with PID 24052 (E:\data\java\payment\target\classes started by Administrator in E:\data\java\payment)
22:53:49.928 [main] INFO  c.kjxls.payment.App - [logStartupProfileInfo,651] - No active profile set, falling back to default profiles: default
22:53:51.091 [main] INFO  o.a.c.h.Http11NioProtocol - [log,173] - Initializing ProtocolHandler ["http-nio-8080"]
22:53:51.092 [main] INFO  o.a.c.c.StandardService - [log,173] - Starting service [Tomcat]
22:53:51.092 [main] INFO  o.a.c.c.StandardEngine - [log,173] - Starting Servlet engine: [Apache Tomcat/9.0.33]
22:53:51.227 [main] INFO  o.a.c.c.C.[.[.[/] - [log,173] - Initializing Spring embedded WebApplicationContext
22:53:51.588 [main] INFO  o.a.c.h.Http11NioProtocol - [log,173] - Starting ProtocolHandler ["http-nio-8080"]
22:53:51.617 [main] INFO  c.kjxls.payment.App - [logStarted,61] - Started App in 2.351 seconds (JVM running for 5.614)
22:54:07.853 [http-nio-8080-exec-1] INFO  o.a.c.c.C.[.[.[/] - [log,173] - Initializing Spring DispatcherServlet 'dispatcherServlet'
